<?xml version="1.0" encoding="UTF-8"?>
<TestRun id="3c7de0b4-fce5-4023-a541-89098f0be0e9" name="Rover@ROVER-NB 2017-10-13 03:29:06" runUser="Rover-NB\Rover" xmlns="http://microsoft.com/schemas/VisualStudio/TeamTest/2010">
  <TestSettings name="Default Test Settings" id="46bc066e-0544-419b-bc85-4181f03bbc59">
    <Deployment userDeploymentRoot="D:\Telerik-HW\Teamwork-mvc\VisitingNursesSystem\VNS.Web.Tests\CodeCoverage" useDefaultDeploymentRoot="false" runDeploymentRoot="Rover_ROVER-NB 2017-10-13 03_29_06" />
    <Execution>
      <TestTypeSpecific />
      <AgentRule name="Execution Agents">
      </AgentRule>
    </Execution>
    <Properties />
  </TestSettings>
  <Times creation="2017-10-13T03:29:06.3996396+03:00" queuing="2017-10-13T03:29:11.6579404+03:00" start="2017-10-13T03:29:12.3459797+03:00" finish="2017-10-13T03:29:14.7331163+03:00" />
  <ResultSummary outcome="Failed">
    <Counters total="10" executed="10" passed="9" error="0" failed="1" timeout="0" aborted="0" inconclusive="0" passedButRunAborted="0" notRunnable="0" notExecuted="0" disconnected="0" warning="0" completed="0" inProgress="0" pending="0" />
    <RunInfos>
      <RunInfo computerName="ROVER-NB" outcome="Warning" timestamp="2017-10-13T03:29:10.3078631+03:00">
        <Text>Warning: Test Run deployment issue: The assembly or module 'WebGrease' directly or indirectly referenced by the test container 'd:\telerik-hw\teamwork-mvc\visitingnursessystem\vns.web.tests\bin\debug\vns.web.tests.dll' was not found.</Text>
      </RunInfo>
      <RunInfo computerName="ROVER-NB" outcome="Warning" timestamp="2017-10-13T03:29:10.3088632+03:00">
        <Text>Warning: Test Run deployment issue: The assembly or module 'Microsoft.Owin.Security.OAuth' directly or indirectly referenced by the test container 'd:\telerik-hw\teamwork-mvc\visitingnursessystem\vns.web.tests\bin\debug\vns.web.tests.dll' was not found.</Text>
      </RunInfo>
      <RunInfo computerName="ROVER-NB" outcome="Warning" timestamp="2017-10-13T03:29:10.3088632+03:00">
        <Text>Warning: Test Run deployment issue: The assembly or module 'Ninject.Extensions.Factory' directly or indirectly referenced by the test container 'd:\telerik-hw\teamwork-mvc\visitingnursessystem\vns.web.tests\bin\debug\vns.web.tests.dll' was not found.</Text>
      </RunInfo>
    </RunInfos>
  </ResultSummary>
  <TestDefinitions>
    <UnitTest name="ReturnViewResultInstance_WhenCalled" storage="d:\telerik-hw\teamwork-mvc\visitingnursessystem\vns.web.tests\bin\debug\vns.web.tests.dll" id="40a2a903-7795-07af-6a00-3f4abc5816ef">
      <Execution id="a30d9e4c-4c5c-4950-996d-b512458ca3b8" />
      <TestMethod codeBase="D:/Telerik-HW/Teamwork-mvc/VisitingNursesSystem/VNS.Web.Tests/bin/Debug/VNS.Web.Tests.DLL" adapterTypeName="Microsoft.VisualStudio.TestTools.TestTypes.Unit.UnitTestAdapter, Microsoft.VisualStudio.QualityTools.Tips.UnitTest.Adapter, Version=14.0.0.0, Culture=neutral, PublicKeyToken=b03f5f7f11d50a3a" className="VNS.Web.Tests.Controllers.HomeControllerTests.HomeControllerTests+Help_Should, VNS.Web.Tests, Version=1.0.0.0, Culture=neutral, PublicKeyToken=null" name="ReturnViewResultInstance_WhenCalled" />
    </UnitTest>
    <UnitTest name="ReturnViewResultInstance_WhenCalled" storage="d:\telerik-hw\teamwork-mvc\visitingnursessystem\vns.web.tests\bin\debug\vns.web.tests.dll" id="d94ba40d-4c4c-2e4f-1cd7-2c16b0faffda">
      <Execution id="7e6f8ccd-ae59-4508-ba06-7d0a25db24aa" />
      <TestMethod codeBase="D:/Telerik-HW/Teamwork-mvc/VisitingNursesSystem/VNS.Web.Tests/bin/Debug/VNS.Web.Tests.DLL" adapterTypeName="Microsoft.VisualStudio.TestTools.TestTypes.Unit.UnitTestAdapter, Microsoft.VisualStudio.QualityTools.Tips.UnitTest.Adapter, Version=14.0.0.0, Culture=neutral, PublicKeyToken=b03f5f7f11d50a3a" className="VNS.Web.Tests.Controllers.FamiliesControllerTests.FamiliesControllerTests+Index_Should, VNS.Web.Tests, Version=1.0.0.0, Culture=neutral, PublicKeyToken=null" name="ReturnViewResultInstance_WhenCalled" />
    </UnitTest>
    <UnitTest name="ThrowArgumentNullException_WhenParameterIsNull" storage="d:\telerik-hw\teamwork-mvc\visitingnursessystem\vns.web.tests\bin\debug\vns.web.tests.dll" id="17a9fefe-2ed4-0e01-aea3-b064c62c7f9d">
      <Execution id="044de331-8cea-4584-ac80-0b5e6ab83815" />
      <TestMethod codeBase="D:/Telerik-HW/Teamwork-mvc/VisitingNursesSystem/VNS.Web.Tests/bin/Debug/VNS.Web.Tests.DLL" adapterTypeName="Microsoft.VisualStudio.TestTools.TestTypes.Unit.UnitTestAdapter, Microsoft.VisualStudio.QualityTools.Tips.UnitTest.Adapter, Version=14.0.0.0, Culture=neutral, PublicKeyToken=b03f5f7f11d50a3a" className="VNS.Web.Tests.Controllers.FamiliesControllerTests.FamiliesControllerTests+Constructor_Should, VNS.Web.Tests, Version=1.0.0.0, Culture=neutral, PublicKeyToken=null" name="ThrowArgumentNullException_WhenParameterIsNull" />
    </UnitTest>
    <UnitTest name="CreateIControllerInstance_WhenParameterIsNotNull" storage="d:\telerik-hw\teamwork-mvc\visitingnursessystem\vns.web.tests\bin\debug\vns.web.tests.dll" id="fc1daef3-cc72-e7bf-b809-8d86a669cebf">
      <Execution id="7f273fa4-f06a-41b8-80d0-196689efb042" />
      <TestMethod codeBase="D:/Telerik-HW/Teamwork-mvc/VisitingNursesSystem/VNS.Web.Tests/bin/Debug/VNS.Web.Tests.DLL" adapterTypeName="Microsoft.VisualStudio.TestTools.TestTypes.Unit.UnitTestAdapter, Microsoft.VisualStudio.QualityTools.Tips.UnitTest.Adapter, Version=14.0.0.0, Culture=neutral, PublicKeyToken=b03f5f7f11d50a3a" className="VNS.Web.Tests.Controllers.AccountControllerTests.AccountControllerTests+Constructor_Should, VNS.Web.Tests, Version=1.0.0.0, Culture=neutral, PublicKeyToken=null" name="CreateIControllerInstance_WhenParameterIsNotNull" />
    </UnitTest>
    <UnitTest name="CreateControllerInstance_WhenParameterIsNotNull" storage="d:\telerik-hw\teamwork-mvc\visitingnursessystem\vns.web.tests\bin\debug\vns.web.tests.dll" id="9dff1958-9d97-06d6-4b4c-5b7be30152b7">
      <Execution id="b3b9db6f-4659-418e-916c-c0d3853a9c91" />
      <TestMethod codeBase="D:/Telerik-HW/Teamwork-mvc/VisitingNursesSystem/VNS.Web.Tests/bin/Debug/VNS.Web.Tests.DLL" adapterTypeName="Microsoft.VisualStudio.TestTools.TestTypes.Unit.UnitTestAdapter, Microsoft.VisualStudio.QualityTools.Tips.UnitTest.Adapter, Version=14.0.0.0, Culture=neutral, PublicKeyToken=b03f5f7f11d50a3a" className="VNS.Web.Tests.Controllers.HomeControllerTests.HomeControllerTests+Constructor_Should, VNS.Web.Tests, Version=1.0.0.0, Culture=neutral, PublicKeyToken=null" name="CreateControllerInstance_WhenParameterIsNotNull" />
    </UnitTest>
    <UnitTest name="ThrowArgumentNullException_WhenParametersAreNull" storage="d:\telerik-hw\teamwork-mvc\visitingnursessystem\vns.web.tests\bin\debug\vns.web.tests.dll" id="e1743056-9a93-0cab-0da8-0e7e72fefcea">
      <Execution id="df7a6c3b-eb9a-4002-bf02-612a03388475" />
      <TestMethod codeBase="D:/Telerik-HW/Teamwork-mvc/VisitingNursesSystem/VNS.Web.Tests/bin/Debug/VNS.Web.Tests.DLL" adapterTypeName="Microsoft.VisualStudio.TestTools.TestTypes.Unit.UnitTestAdapter, Microsoft.VisualStudio.QualityTools.Tips.UnitTest.Adapter, Version=14.0.0.0, Culture=neutral, PublicKeyToken=b03f5f7f11d50a3a" className="VNS.Web.Tests.Controllers.AccountControllerTests.AccountControllerTests+Constructor_Should, VNS.Web.Tests, Version=1.0.0.0, Culture=neutral, PublicKeyToken=null" name="ThrowArgumentNullException_WhenParametersAreNull" />
    </UnitTest>
    <UnitTest name="ThrowArgumentNullException_WhenParameterIsNull" storage="d:\telerik-hw\teamwork-mvc\visitingnursessystem\vns.web.tests\bin\debug\vns.web.tests.dll" id="cfbd8e32-8aba-9ac4-11ce-e4194e125295">
      <Execution id="e9df6c9d-8c63-43e8-9460-0823e7b730ba" />
      <TestMethod codeBase="D:/Telerik-HW/Teamwork-mvc/VisitingNursesSystem/VNS.Web.Tests/bin/Debug/VNS.Web.Tests.DLL" adapterTypeName="Microsoft.VisualStudio.TestTools.TestTypes.Unit.UnitTestAdapter, Microsoft.VisualStudio.QualityTools.Tips.UnitTest.Adapter, Version=14.0.0.0, Culture=neutral, PublicKeyToken=b03f5f7f11d50a3a" className="VNS.Web.Tests.Controllers.HomeControllerTests.HomeControllerTests+Constructor_Should, VNS.Web.Tests, Version=1.0.0.0, Culture=neutral, PublicKeyToken=null" name="ThrowArgumentNullException_WhenParameterIsNull" />
    </UnitTest>
    <UnitTest name="CreateIControllerInstance_WhenParameterIsNotNull" storage="d:\telerik-hw\teamwork-mvc\visitingnursessystem\vns.web.tests\bin\debug\vns.web.tests.dll" id="d796f598-f66a-bc4c-a102-98f1ddaddbca">
      <Execution id="0733754f-a067-45ea-83c3-709c35abe043" />
      <TestMethod codeBase="D:/Telerik-HW/Teamwork-mvc/VisitingNursesSystem/VNS.Web.Tests/bin/Debug/VNS.Web.Tests.DLL" adapterTypeName="Microsoft.VisualStudio.TestTools.TestTypes.Unit.UnitTestAdapter, Microsoft.VisualStudio.QualityTools.Tips.UnitTest.Adapter, Version=14.0.0.0, Culture=neutral, PublicKeyToken=b03f5f7f11d50a3a" className="VNS.Web.Tests.Controllers.FamiliesControllerTests.FamiliesControllerTests+Constructor_Should, VNS.Web.Tests, Version=1.0.0.0, Culture=neutral, PublicKeyToken=null" name="CreateIControllerInstance_WhenParameterIsNotNull" />
    </UnitTest>
    <UnitTest name="ReturnViewResultInstance_WhenCalled" storage="d:\telerik-hw\teamwork-mvc\visitingnursessystem\vns.web.tests\bin\debug\vns.web.tests.dll" id="95d0c922-64e4-6856-70a7-e94923648a77">
      <Execution id="7a91a406-dcda-42a6-90c3-8b630aae4589" />
      <TestMethod codeBase="D:/Telerik-HW/Teamwork-mvc/VisitingNursesSystem/VNS.Web.Tests/bin/Debug/VNS.Web.Tests.DLL" adapterTypeName="Microsoft.VisualStudio.TestTools.TestTypes.Unit.UnitTestAdapter, Microsoft.VisualStudio.QualityTools.Tips.UnitTest.Adapter, Version=14.0.0.0, Culture=neutral, PublicKeyToken=b03f5f7f11d50a3a" className="VNS.Web.Tests.Controllers.HomeControllerTests.HomeControllerTests+Index_Should, VNS.Web.Tests, Version=1.0.0.0, Culture=neutral, PublicKeyToken=null" name="ReturnViewResultInstance_WhenCalled" />
    </UnitTest>
    <UnitTest name="PassCorrectViewBagMessage_WhenCalled" storage="d:\telerik-hw\teamwork-mvc\visitingnursessystem\vns.web.tests\bin\debug\vns.web.tests.dll" id="2e09830a-a51c-fcb9-863c-4b1e7153deed">
      <Execution id="67d9379e-9b99-4710-a0dd-64829227856a" />
      <TestMethod codeBase="D:/Telerik-HW/Teamwork-mvc/VisitingNursesSystem/VNS.Web.Tests/bin/Debug/VNS.Web.Tests.DLL" adapterTypeName="Microsoft.VisualStudio.TestTools.TestTypes.Unit.UnitTestAdapter, Microsoft.VisualStudio.QualityTools.Tips.UnitTest.Adapter, Version=14.0.0.0, Culture=neutral, PublicKeyToken=b03f5f7f11d50a3a" className="VNS.Web.Tests.Controllers.HomeControllerTests.HomeControllerTests+About_Should, VNS.Web.Tests, Version=1.0.0.0, Culture=neutral, PublicKeyToken=null" name="PassCorrectViewBagMessage_WhenCalled" />
    </UnitTest>
  </TestDefinitions>
  <TestLists>
    <TestList name="Results Not in a List" id="8c84fa94-04c1-424b-9868-57a2d4851a1d" />
    <TestList name="All Loaded Results" id="19431567-8539-422a-85d7-44ee4e166bda" />
  </TestLists>
  <TestEntries>
    <TestEntry testId="fc1daef3-cc72-e7bf-b809-8d86a669cebf" executionId="7f273fa4-f06a-41b8-80d0-196689efb042" testListId="8c84fa94-04c1-424b-9868-57a2d4851a1d" />
    <TestEntry testId="e1743056-9a93-0cab-0da8-0e7e72fefcea" executionId="df7a6c3b-eb9a-4002-bf02-612a03388475" testListId="8c84fa94-04c1-424b-9868-57a2d4851a1d" />
    <TestEntry testId="d796f598-f66a-bc4c-a102-98f1ddaddbca" executionId="0733754f-a067-45ea-83c3-709c35abe043" testListId="8c84fa94-04c1-424b-9868-57a2d4851a1d" />
    <TestEntry testId="17a9fefe-2ed4-0e01-aea3-b064c62c7f9d" executionId="044de331-8cea-4584-ac80-0b5e6ab83815" testListId="8c84fa94-04c1-424b-9868-57a2d4851a1d" />
    <TestEntry testId="d94ba40d-4c4c-2e4f-1cd7-2c16b0faffda" executionId="7e6f8ccd-ae59-4508-ba06-7d0a25db24aa" testListId="8c84fa94-04c1-424b-9868-57a2d4851a1d" />
    <TestEntry testId="2e09830a-a51c-fcb9-863c-4b1e7153deed" executionId="67d9379e-9b99-4710-a0dd-64829227856a" testListId="8c84fa94-04c1-424b-9868-57a2d4851a1d" />
    <TestEntry testId="9dff1958-9d97-06d6-4b4c-5b7be30152b7" executionId="b3b9db6f-4659-418e-916c-c0d3853a9c91" testListId="8c84fa94-04c1-424b-9868-57a2d4851a1d" />
    <TestEntry testId="cfbd8e32-8aba-9ac4-11ce-e4194e125295" executionId="e9df6c9d-8c63-43e8-9460-0823e7b730ba" testListId="8c84fa94-04c1-424b-9868-57a2d4851a1d" />
    <TestEntry testId="40a2a903-7795-07af-6a00-3f4abc5816ef" executionId="a30d9e4c-4c5c-4950-996d-b512458ca3b8" testListId="8c84fa94-04c1-424b-9868-57a2d4851a1d" />
    <TestEntry testId="95d0c922-64e4-6856-70a7-e94923648a77" executionId="7a91a406-dcda-42a6-90c3-8b630aae4589" testListId="8c84fa94-04c1-424b-9868-57a2d4851a1d" />
  </TestEntries>
  <Results>
    <UnitTestResult executionId="7f273fa4-f06a-41b8-80d0-196689efb042" testId="fc1daef3-cc72-e7bf-b809-8d86a669cebf" testName="CreateIControllerInstance_WhenParameterIsNotNull" computerName="ROVER-NB" duration="00:00:00.3026779" startTime="2017-10-13T03:29:12.6489970+03:00" endTime="2017-10-13T03:29:13.6200526+03:00" testType="13cdc9d9-ddb5-4fa4-a97d-d965ccfc6d4b" outcome="Failed" testListId="8c84fa94-04c1-424b-9868-57a2d4851a1d" relativeResultsDirectory="7f273fa4-f06a-41b8-80d0-196689efb042">
      <Output>
        <ErrorInfo>
          <Message>Test method VNS.Web.Tests.Controllers.AccountControllerTests.AccountControllerTests+Constructor_Should.CreateIControllerInstance_WhenParameterIsNotNull threw exception: 
System.ArgumentNullException: The argument is null.
Parameter name: userManager</Message>
          <StackTrace>    at Bytes2you.Validation.ValidatableArgumentFluentExtension.Throw[T](IValidatableArgument`1 validatableArgument)
   at VNS.Web.Controllers.AccountController..ctor(ApplicationUserManager userManager, ApplicationSignInManager signInManager) in D:\Telerik-HW\Teamwork-mvc\VisitingNursesSystem\VNS.Web\Controllers\AccountController.cs:line 27
   at VNS.Web.Tests.Controllers.AccountControllerTests.AccountControllerTests.Constructor_Should.CreateIControllerInstance_WhenParameterIsNotNull() in D:\Telerik-HW\Teamwork-mvc\VisitingNursesSystem\VNS.Web.Tests\Controllers\AccountControllerTests\Constructor_Should.cs:line 27
</StackTrace>
        </ErrorInfo>
      </Output>
    </UnitTestResult>
    <UnitTestResult executionId="df7a6c3b-eb9a-4002-bf02-612a03388475" testId="e1743056-9a93-0cab-0da8-0e7e72fefcea" testName="ThrowArgumentNullException_WhenParametersAreNull" computerName="ROVER-NB" duration="00:00:00.0191065" startTime="2017-10-13T03:29:13.6630550+03:00" endTime="2017-10-13T03:29:13.7090577+03:00" testType="13cdc9d9-ddb5-4fa4-a97d-d965ccfc6d4b" outcome="Passed" testListId="8c84fa94-04c1-424b-9868-57a2d4851a1d" relativeResultsDirectory="df7a6c3b-eb9a-4002-bf02-612a03388475">
    </UnitTestResult>
    <UnitTestResult executionId="0733754f-a067-45ea-83c3-709c35abe043" testId="d796f598-f66a-bc4c-a102-98f1ddaddbca" testName="CreateIControllerInstance_WhenParameterIsNotNull" computerName="ROVER-NB" duration="00:00:00.2906232" startTime="2017-10-13T03:29:13.7240585+03:00" endTime="2017-10-13T03:29:14.0290760+03:00" testType="13cdc9d9-ddb5-4fa4-a97d-d965ccfc6d4b" outcome="Passed" testListId="8c84fa94-04c1-424b-9868-57a2d4851a1d" relativeResultsDirectory="0733754f-a067-45ea-83c3-709c35abe043">
    </UnitTestResult>
    <UnitTestResult executionId="044de331-8cea-4584-ac80-0b5e6ab83815" testId="17a9fefe-2ed4-0e01-aea3-b064c62c7f9d" testName="ThrowArgumentNullException_WhenParameterIsNull" computerName="ROVER-NB" duration="00:00:00.0006633" startTime="2017-10-13T03:29:14.0330762+03:00" endTime="2017-10-13T03:29:14.0370764+03:00" testType="13cdc9d9-ddb5-4fa4-a97d-d965ccfc6d4b" outcome="Passed" testListId="8c84fa94-04c1-424b-9868-57a2d4851a1d" relativeResultsDirectory="044de331-8cea-4584-ac80-0b5e6ab83815">
    </UnitTestResult>
    <UnitTestResult executionId="7e6f8ccd-ae59-4508-ba06-7d0a25db24aa" testId="d94ba40d-4c4c-2e4f-1cd7-2c16b0faffda" testName="ReturnViewResultInstance_WhenCalled" computerName="ROVER-NB" duration="00:00:00.0229641" startTime="2017-10-13T03:29:14.0400766+03:00" endTime="2017-10-13T03:29:14.0670782+03:00" testType="13cdc9d9-ddb5-4fa4-a97d-d965ccfc6d4b" outcome="Passed" testListId="8c84fa94-04c1-424b-9868-57a2d4851a1d" relativeResultsDirectory="7e6f8ccd-ae59-4508-ba06-7d0a25db24aa">
    </UnitTestResult>
    <UnitTestResult executionId="67d9379e-9b99-4710-a0dd-64829227856a" testId="2e09830a-a51c-fcb9-863c-4b1e7153deed" testName="PassCorrectViewBagMessage_WhenCalled" computerName="ROVER-NB" duration="00:00:00.5290951" startTime="2017-10-13T03:29:14.0700783+03:00" endTime="2017-10-13T03:29:14.6031088+03:00" testType="13cdc9d9-ddb5-4fa4-a97d-d965ccfc6d4b" outcome="Passed" testListId="8c84fa94-04c1-424b-9868-57a2d4851a1d" relativeResultsDirectory="67d9379e-9b99-4710-a0dd-64829227856a">
    </UnitTestResult>
    <UnitTestResult executionId="b3b9db6f-4659-418e-916c-c0d3853a9c91" testId="9dff1958-9d97-06d6-4b4c-5b7be30152b7" testName="CreateControllerInstance_WhenParameterIsNotNull" computerName="ROVER-NB" duration="00:00:00.0010685" startTime="2017-10-13T03:29:14.6151095+03:00" endTime="2017-10-13T03:29:14.6211098+03:00" testType="13cdc9d9-ddb5-4fa4-a97d-d965ccfc6d4b" outcome="Passed" testListId="8c84fa94-04c1-424b-9868-57a2d4851a1d" relativeResultsDirectory="b3b9db6f-4659-418e-916c-c0d3853a9c91">
    </UnitTestResult>
    <UnitTestResult executionId="e9df6c9d-8c63-43e8-9460-0823e7b730ba" testId="cfbd8e32-8aba-9ac4-11ce-e4194e125295" testName="ThrowArgumentNullException_WhenParameterIsNull" computerName="ROVER-NB" duration="00:00:00.0007346" startTime="2017-10-13T03:29:14.6251101+03:00" endTime="2017-10-13T03:29:14.6301104+03:00" testType="13cdc9d9-ddb5-4fa4-a97d-d965ccfc6d4b" outcome="Passed" testListId="8c84fa94-04c1-424b-9868-57a2d4851a1d" relativeResultsDirectory="e9df6c9d-8c63-43e8-9460-0823e7b730ba">
    </UnitTestResult>
    <UnitTestResult executionId="a30d9e4c-4c5c-4950-996d-b512458ca3b8" testId="40a2a903-7795-07af-6a00-3f4abc5816ef" testName="ReturnViewResultInstance_WhenCalled" computerName="ROVER-NB" duration="00:00:00.0027744" startTime="2017-10-13T03:29:14.6331105+03:00" endTime="2017-10-13T03:29:14.6401109+03:00" testType="13cdc9d9-ddb5-4fa4-a97d-d965ccfc6d4b" outcome="Passed" testListId="8c84fa94-04c1-424b-9868-57a2d4851a1d" relativeResultsDirectory="a30d9e4c-4c5c-4950-996d-b512458ca3b8">
    </UnitTestResult>
    <UnitTestResult executionId="7a91a406-dcda-42a6-90c3-8b630aae4589" testId="95d0c922-64e4-6856-70a7-e94923648a77" testName="ReturnViewResultInstance_WhenCalled" computerName="ROVER-NB" duration="00:00:00.0009939" startTime="2017-10-13T03:29:14.6451112+03:00" endTime="2017-10-13T03:29:14.6501115+03:00" testType="13cdc9d9-ddb5-4fa4-a97d-d965ccfc6d4b" outcome="Passed" testListId="8c84fa94-04c1-424b-9868-57a2d4851a1d" relativeResultsDirectory="7a91a406-dcda-42a6-90c3-8b630aae4589">
    </UnitTestResult>
  </Results>
</TestRun>